Thu 25 Apr 2024 09:37:43 PM UTC: 
 hashmap.c | 15 ++++++++++++++-
 1 file changed, 14 insertions(+), 1 deletion(-)
In file included from test.c:4:
hashmap.c: In function ‘insertMap’:
hashmap.c:44:44: error: expected statement before ‘)’ token
   44 |   if(map==NULL || key==NULL || value==NULL)) return;
      |                                            ^
hashmap.c:44:3: error: this ‘if’ clause does not guard... [-Werror=misleading-indentation]
   44 |   if(map==NULL || key==NULL || value==NULL)) return;
      |   ^~
hashmap.c:44:46: note: ...this statement, but the latter is misleadingly indented as if it were guarded by the ‘if’
   44 |   if(map==NULL || key==NULL || value==NULL)) return;
      |                                              ^~~~~~
hashmap.c:48:17: error: invalid operands to binary % (have ‘long int’ and ‘HashMap *’ {aka ‘struct HashMap *’})
   48 |     pos= (pos+1)%map
      |          ~~~~~~~^
      |              |
      |              long int
hashmap.c:48:21: error: expected ‘;’ before ‘}’ token
   48 |     pos= (pos+1)%map
      |                     ^
      |                     ;
   49 |   }
      |   ~                  
cc1: all warnings being treated as errors
Compilation failed
c7a4fa7
Thu 25 Apr 2024 09:38:08 PM UTC: 
 hashmap.c | 4 ++--
 1 file changed, 2 insertions(+), 2 deletions(-)
 tests:  1|5
total_score: 10/70
e735a7d
Thu 25 Apr 2024 09:43:42 PM UTC: 
 hashmap.c | 11 ++++++++---
 1 file changed, 8 insertions(+), 3 deletions(-)
In file included from test.c:4:
hashmap.c: In function ‘insertMap’:
hashmap.c:44:44: error: expected statement before ‘)’ token
   44 |   if(map==NULL || key==NULL || value==NULL)) return;
      |                                            ^
hashmap.c:44:3: error: this ‘if’ clause does not guard... [-Werror=misleading-indentation]
   44 |   if(map==NULL || key==NULL || value==NULL)) return;
      |   ^~
hashmap.c:44:46: note: ...this statement, but the latter is misleadingly indented as if it were guarded by the ‘if’
   44 |   if(map==NULL || key==NULL || value==NULL)) return;
      |                                              ^~~~~~
cc1: all warnings being treated as errors
Compilation failed
d9ef81d
Thu 25 Apr 2024 09:43:59 PM UTC: 
 hashmap.c | 1 -
 1 file changed, 1 deletion(-)
 tests:  5|4
total_score: 30/70
0572081
Thu 25 Apr 2024 09:53:23 PM UTC: 
 hashmap.c | 10 ++++++++++
 1 file changed, 10 insertions(+)
 tests:  5|4
total_score: 30/70
9a05649
Thu 25 Apr 2024 09:54:30 PM UTC: 
 hashmap.c | 4 ++--
 1 file changed, 2 insertions(+), 2 deletions(-)
 tests:  5|4
total_score: 30/70
69d6865
Thu 25 Apr 2024 10:03:15 PM UTC: 
 hashmap.c | 15 ++++++++++++++-
 1 file changed, 14 insertions(+), 1 deletion(-)
In file included from test.c:4:
hashmap.c: In function ‘enlarge’:
hashmap.c:65:35: error: request for member ‘new_capacity’ in something not a structure or union
   65 |       long new_pos= hash(temp->key. new_capacity);
      |                                   ^
hashmap.c:65:21: error: too few arguments to function ‘hash’
   65 |       long new_pos= hash(temp->key. new_capacity);
      |                     ^~~~
hashmap.c:26:6: note: declared here
   26 | long hash( char * key, long capacity) {
      |      ^~~~
Compilation failed
690f0f4
Thu 25 Apr 2024 10:03:49 PM UTC: 
 hashmap.c | 2 +-
 1 file changed, 1 insertion(+), 1 deletion(-)
 tests:  6|3
total_score: 40/70
1ee6b18
Fri 26 Apr 2024 04:42:25 PM UTC: 
 hashmap.c | 8 ++++++++
 1 file changed, 8 insertions(+)
In file included from test.c:4:
hashmap.c: In function ‘searchMap’:
hashmap.c:112:11: error: expected expression before ‘)’ token
  112 |     pos= ()
      |           ^
Compilation failed
b33c58d
Fri 26 Apr 2024 04:44:14 PM UTC: 
 hashmap.c | 4 +---
 1 file changed, 1 insertion(+), 3 deletions(-)
 tests:  9|2
total_score: 50/70
a4e2331
